<?xml version="1.0" encoding="UTF-8"?>
<testng-results ignored="0" total="36" passed="36" failed="0" skipped="0">
  <reporter-output>
  </reporter-output>
  <suite started-at="2023-07-18T15:02:10 PDT" name="Default suite" finished-at="2023-07-18T15:04:58 PDT" duration-ms="167723">
    <groups>
      <group name="cucumber">
        <method signature="AbstractTestNGCucumberTests.runScenario(io.cucumber.testng.PickleWrapper,io.cucumber.testng.FeatureWrapper)[pri:0, instance:testRunner.TestRunner@7e4204e2]" name="runScenario" class="io.cucumber.testng.AbstractTestNGCucumberTests"/>
      </group> <!-- cucumber -->
    </groups>
    <test started-at="2023-07-18T15:02:10 PDT" name="Default test" finished-at="2023-07-18T15:04:58 PDT" duration-ms="167723">
      <class name="testRunner.TestRunner">
        <test-method is-config="true" signature="setUpClass(org.testng.ITestContext)[pri:0, instance:testRunner.TestRunner@7e4204e2]" started-at="2023-07-18T15:02:11 PDT" name="setUpClass" finished-at="2023-07-18T15:02:39 PDT" duration-ms="28255" status="PASS">
          <params>
            <param index="0">
              <value>
                <![CDATA[org.testng.TestRunner@4910afdf]]>
              </value>
            </param>
          </params>
          <reporter-output>
          </reporter-output>
        </test-method> <!-- setUpClass -->
        <test-method signature="runScenario(io.cucumber.testng.PickleWrapper,io.cucumber.testng.FeatureWrapper)[pri:0, instance:testRunner.TestRunner@7e4204e2]" started-at="2023-07-18T15:02:39 PDT" name="runScenario" description="Runs Cucumber Scenarios" data-provider="scenarios" finished-at="2023-07-18T15:02:45 PDT" duration-ms="5897" status="PASS">
          <params>
            <param index="0">
              <value>
                <![CDATA["user starts dsalgo site"]]>
              </value>
            </param>
            <param index="1">
              <value>
                <![CDATA["Get started page"]]>
              </value>
            </param>
          </params>
          <reporter-output>
          </reporter-output>
        </test-method> <!-- runScenario -->
        <test-method signature="runScenario(io.cucumber.testng.PickleWrapper,io.cucumber.testng.FeatureWrapper)[pri:0, instance:testRunner.TestRunner@7e4204e2]" started-at="2023-07-18T15:02:45 PDT" name="runScenario" description="Runs Cucumber Scenarios" data-provider="scenarios" finished-at="2023-07-18T15:02:55 PDT" duration-ms="9336" status="PASS">
          <params>
            <param index="0">
              <value>
                <![CDATA["Check all empty field message"]]>
              </value>
            </param>
            <param index="1">
              <value>
                <![CDATA["Check Register functionality"]]>
              </value>
            </param>
          </params>
          <reporter-output>
          </reporter-output>
        </test-method> <!-- runScenario -->
        <test-method signature="runScenario(io.cucumber.testng.PickleWrapper,io.cucumber.testng.FeatureWrapper)[pri:0, instance:testRunner.TestRunner@7e4204e2]" started-at="2023-07-18T15:02:55 PDT" name="runScenario" description="Runs Cucumber Scenarios" data-provider="scenarios" finished-at="2023-07-18T15:03:11 PDT" duration-ms="16214" status="PASS">
          <params>
            <param index="0">
              <value>
                <![CDATA["Check invalid Username"]]>
              </value>
            </param>
            <param index="1">
              <value>
                <![CDATA["Check Register functionality"]]>
              </value>
            </param>
          </params>
          <reporter-output>
          </reporter-output>
        </test-method> <!-- runScenario -->
        <test-method signature="runScenario(io.cucumber.testng.PickleWrapper,io.cucumber.testng.FeatureWrapper)[pri:0, instance:testRunner.TestRunner@7e4204e2]" started-at="2023-07-18T15:03:11 PDT" name="runScenario" description="Runs Cucumber Scenarios" data-provider="scenarios" finished-at="2023-07-18T15:03:19 PDT" duration-ms="7702" status="PASS">
          <params>
            <param index="0">
              <value>
                <![CDATA["Check invalid Password"]]>
              </value>
            </param>
            <param index="1">
              <value>
                <![CDATA["Check Register functionality"]]>
              </value>
            </param>
          </params>
          <reporter-output>
          </reporter-output>
        </test-method> <!-- runScenario -->
        <test-method signature="runScenario(io.cucumber.testng.PickleWrapper,io.cucumber.testng.FeatureWrapper)[pri:0, instance:testRunner.TestRunner@7e4204e2]" started-at="2023-07-18T15:03:19 PDT" name="runScenario" description="Runs Cucumber Scenarios" data-provider="scenarios" finished-at="2023-07-18T15:03:28 PDT" duration-ms="9619" status="PASS">
          <params>
            <param index="0">
              <value>
                <![CDATA["Check mismatch Password confirmation message"]]>
              </value>
            </param>
            <param index="1">
              <value>
                <![CDATA["Check Register functionality"]]>
              </value>
            </param>
          </params>
          <reporter-output>
          </reporter-output>
        </test-method> <!-- runScenario -->
        <test-method signature="runScenario(io.cucumber.testng.PickleWrapper,io.cucumber.testng.FeatureWrapper)[pri:0, instance:testRunner.TestRunner@7e4204e2]" started-at="2023-07-18T15:03:28 PDT" name="runScenario" description="Runs Cucumber Scenarios" data-provider="scenarios" finished-at="2023-07-18T15:03:32 PDT" duration-ms="3201" status="PASS">
          <params>
            <param index="0">
              <value>
                <![CDATA["The user redirected to Homepage with valid details"]]>
              </value>
            </param>
            <param index="1">
              <value>
                <![CDATA["Check Register functionality"]]>
              </value>
            </param>
          </params>
          <reporter-output>
          </reporter-output>
        </test-method> <!-- runScenario -->
        <test-method signature="runScenario(io.cucumber.testng.PickleWrapper,io.cucumber.testng.FeatureWrapper)[pri:0, instance:testRunner.TestRunner@7e4204e2]" started-at="2023-07-18T15:03:32 PDT" name="runScenario" description="Runs Cucumber Scenarios" data-provider="scenarios" finished-at="2023-07-18T15:03:35 PDT" duration-ms="3165" status="PASS">
          <params>
            <param index="0">
              <value>
                <![CDATA["user logins with correct credentials"]]>
              </value>
            </param>
            <param index="1">
              <value>
                <![CDATA["validating signin page"]]>
              </value>
            </param>
          </params>
          <reporter-output>
          </reporter-output>
        </test-method> <!-- runScenario -->
        <test-method signature="runScenario(io.cucumber.testng.PickleWrapper,io.cucumber.testng.FeatureWrapper)[pri:0, instance:testRunner.TestRunner@7e4204e2]" started-at="2023-07-18T15:03:35 PDT" name="runScenario" description="Runs Cucumber Scenarios" data-provider="scenarios" finished-at="2023-07-18T15:03:36 PDT" duration-ms="935" status="PASS">
          <params>
            <param index="0">
              <value>
                <![CDATA["The user is able to navigate to Data Structure introduction page"]]>
              </value>
            </param>
            <param index="1">
              <value>
                <![CDATA["validating data structue page"]]>
              </value>
            </param>
          </params>
          <reporter-output>
          </reporter-output>
        </test-method> <!-- runScenario -->
        <test-method signature="runScenario(io.cucumber.testng.PickleWrapper,io.cucumber.testng.FeatureWrapper)[pri:0, instance:testRunner.TestRunner@7e4204e2]" started-at="2023-07-18T15:03:36 PDT" name="runScenario" description="Runs Cucumber Scenarios" data-provider="scenarios" finished-at="2023-07-18T15:03:47 PDT" duration-ms="11143" status="PASS">
          <params>
            <param index="0">
              <value>
                <![CDATA["The user is able to navigate to Time Complexity page"]]>
              </value>
            </param>
            <param index="1">
              <value>
                <![CDATA["validating data structue page"]]>
              </value>
            </param>
          </params>
          <reporter-output>
          </reporter-output>
        </test-method> <!-- runScenario -->
        <test-method signature="runScenario(io.cucumber.testng.PickleWrapper,io.cucumber.testng.FeatureWrapper)[pri:0, instance:testRunner.TestRunner@7e4204e2]" started-at="2023-07-18T15:03:47 PDT" name="runScenario" description="Runs Cucumber Scenarios" data-provider="scenarios" finished-at="2023-07-18T15:03:48 PDT" duration-ms="1467" status="PASS">
          <params>
            <param index="0">
              <value>
                <![CDATA["user navigate to Array page"]]>
              </value>
            </param>
            <param index="1">
              <value>
                <![CDATA["Unknown"]]>
              </value>
            </param>
          </params>
          <reporter-output>
          </reporter-output>
        </test-method> <!-- runScenario -->
        <test-method signature="runScenario(io.cucumber.testng.PickleWrapper,io.cucumber.testng.FeatureWrapper)[pri:0, instance:testRunner.TestRunner@7e4204e2]" started-at="2023-07-18T15:03:48 PDT" name="runScenario" description="Runs Cucumber Scenarios" data-provider="scenarios" finished-at="2023-07-18T15:03:54 PDT" duration-ms="5598" status="PASS">
          <params>
            <param index="0">
              <value>
                <![CDATA["The user is able to navigate to Arrays in Python page"]]>
              </value>
            </param>
            <param index="1">
              <value>
                <![CDATA["Unknown"]]>
              </value>
            </param>
          </params>
          <reporter-output>
          </reporter-output>
        </test-method> <!-- runScenario -->
        <test-method signature="runScenario(io.cucumber.testng.PickleWrapper,io.cucumber.testng.FeatureWrapper)[pri:0, instance:testRunner.TestRunner@7e4204e2]" started-at="2023-07-18T15:03:54 PDT" name="runScenario" description="Runs Cucumber Scenarios" data-provider="scenarios" finished-at="2023-07-18T15:03:59 PDT" duration-ms="4623" status="PASS">
          <params>
            <param index="0">
              <value>
                <![CDATA["user navigate to Practice question"]]>
              </value>
            </param>
            <param index="1">
              <value>
                <![CDATA["Unknown"]]>
              </value>
            </param>
          </params>
          <reporter-output>
          </reporter-output>
        </test-method> <!-- runScenario -->
        <test-method signature="runScenario(io.cucumber.testng.PickleWrapper,io.cucumber.testng.FeatureWrapper)[pri:0, instance:testRunner.TestRunner@7e4204e2]" started-at="2023-07-18T15:03:59 PDT" name="runScenario" description="Runs Cucumber Scenarios" data-provider="scenarios" finished-at="2023-07-18T15:04:01 PDT" duration-ms="2157" status="PASS">
          <params>
            <param index="0">
              <value>
                <![CDATA["User navigated to linked list page"]]>
              </value>
            </param>
            <param index="1">
              <value>
                <![CDATA["Unknown"]]>
              </value>
            </param>
          </params>
          <reporter-output>
          </reporter-output>
        </test-method> <!-- runScenario -->
        <test-method signature="runScenario(io.cucumber.testng.PickleWrapper,io.cucumber.testng.FeatureWrapper)[pri:0, instance:testRunner.TestRunner@7e4204e2]" started-at="2023-07-18T15:04:01 PDT" name="runScenario" description="Runs Cucumber Scenarios" data-provider="scenarios" finished-at="2023-07-18T15:04:04 PDT" duration-ms="3400" status="PASS">
          <params>
            <param index="0">
              <value>
                <![CDATA["User navigated to Introduction page"]]>
              </value>
            </param>
            <param index="1">
              <value>
                <![CDATA["Unknown"]]>
              </value>
            </param>
          </params>
          <reporter-output>
          </reporter-output>
        </test-method> <!-- runScenario -->
        <test-method signature="runScenario(io.cucumber.testng.PickleWrapper,io.cucumber.testng.FeatureWrapper)[pri:0, instance:testRunner.TestRunner@7e4204e2]" started-at="2023-07-18T15:04:04 PDT" name="runScenario" description="Runs Cucumber Scenarios" data-provider="scenarios" finished-at="2023-07-18T15:04:06 PDT" duration-ms="1921" status="PASS">
          <params>
            <param index="0">
              <value>
                <![CDATA["The user run the code in tryEditor with valid input for Introduction page"]]>
              </value>
            </param>
            <param index="1">
              <value>
                <![CDATA["Unknown"]]>
              </value>
            </param>
          </params>
          <reporter-output>
          </reporter-output>
        </test-method> <!-- runScenario -->
        <test-method signature="runScenario(io.cucumber.testng.PickleWrapper,io.cucumber.testng.FeatureWrapper)[pri:0, instance:testRunner.TestRunner@7e4204e2]" started-at="2023-07-18T15:04:06 PDT" name="runScenario" description="Runs Cucumber Scenarios" data-provider="scenarios" finished-at="2023-07-18T15:04:09 PDT" duration-ms="3157" status="PASS">
          <params>
            <param index="0">
              <value>
                <![CDATA["User to check Creating Linked List page"]]>
              </value>
            </param>
            <param index="1">
              <value>
                <![CDATA["Unknown"]]>
              </value>
            </param>
          </params>
          <reporter-output>
          </reporter-output>
        </test-method> <!-- runScenario -->
        <test-method signature="runScenario(io.cucumber.testng.PickleWrapper,io.cucumber.testng.FeatureWrapper)[pri:0, instance:testRunner.TestRunner@7e4204e2]" started-at="2023-07-18T15:04:09 PDT" name="runScenario" description="Runs Cucumber Scenarios" data-provider="scenarios" finished-at="2023-07-18T15:04:12 PDT" duration-ms="3052" status="PASS">
          <params>
            <param index="0">
              <value>
                <![CDATA["The user run the code in tryEditor with valid input for Creating Linked List page"]]>
              </value>
            </param>
            <param index="1">
              <value>
                <![CDATA["Unknown"]]>
              </value>
            </param>
          </params>
          <reporter-output>
          </reporter-output>
        </test-method> <!-- runScenario -->
        <test-method signature="runScenario(io.cucumber.testng.PickleWrapper,io.cucumber.testng.FeatureWrapper)[pri:0, instance:testRunner.TestRunner@7e4204e2]" started-at="2023-07-18T15:04:12 PDT" name="runScenario" description="Runs Cucumber Scenarios" data-provider="scenarios" finished-at="2023-07-18T15:04:15 PDT" duration-ms="2549" status="PASS">
          <params>
            <param index="0">
              <value>
                <![CDATA["The user is directed to Stack Page"]]>
              </value>
            </param>
            <param index="1">
              <value>
                <![CDATA["check Stack Functionality"]]>
              </value>
            </param>
          </params>
          <reporter-output>
          </reporter-output>
        </test-method> <!-- runScenario -->
        <test-method signature="runScenario(io.cucumber.testng.PickleWrapper,io.cucumber.testng.FeatureWrapper)[pri:0, instance:testRunner.TestRunner@7e4204e2]" started-at="2023-07-18T15:04:15 PDT" name="runScenario" description="Runs Cucumber Scenarios" data-provider="scenarios" finished-at="2023-07-18T15:04:19 PDT" duration-ms="3821" status="PASS">
          <params>
            <param index="0">
              <value>
                <![CDATA["user checking operation functionality"]]>
              </value>
            </param>
            <param index="1">
              <value>
                <![CDATA["check Stack Functionality"]]>
              </value>
            </param>
          </params>
          <reporter-output>
          </reporter-output>
        </test-method> <!-- runScenario -->
        <test-method signature="runScenario(io.cucumber.testng.PickleWrapper,io.cucumber.testng.FeatureWrapper)[pri:0, instance:testRunner.TestRunner@7e4204e2]" started-at="2023-07-18T15:04:19 PDT" name="runScenario" description="Runs Cucumber Scenarios" data-provider="scenarios" finished-at="2023-07-18T15:04:21 PDT" duration-ms="2152" status="PASS">
          <params>
            <param index="0">
              <value>
                <![CDATA["user is on tryeditor page"]]>
              </value>
            </param>
            <param index="1">
              <value>
                <![CDATA["check Stack Functionality"]]>
              </value>
            </param>
          </params>
          <reporter-output>
          </reporter-output>
        </test-method> <!-- runScenario -->
        <test-method signature="runScenario(io.cucumber.testng.PickleWrapper,io.cucumber.testng.FeatureWrapper)[pri:0, instance:testRunner.TestRunner@7e4204e2]" started-at="2023-07-18T15:04:21 PDT" name="runScenario" description="Runs Cucumber Scenarios" data-provider="scenarios" finished-at="2023-07-18T15:04:24 PDT" duration-ms="3305" status="PASS">
          <params>
            <param index="0">
              <value>
                <![CDATA["check Queue fuctionality"]]>
              </value>
            </param>
            <param index="1">
              <value>
                <![CDATA["check Queue fuctionality"]]>
              </value>
            </param>
          </params>
          <reporter-output>
          </reporter-output>
        </test-method> <!-- runScenario -->
        <test-method signature="runScenario(io.cucumber.testng.PickleWrapper,io.cucumber.testng.FeatureWrapper)[pri:0, instance:testRunner.TestRunner@7e4204e2]" started-at="2023-07-18T15:04:24 PDT" name="runScenario" description="Runs Cucumber Scenarios" data-provider="scenarios" finished-at="2023-07-18T15:04:28 PDT" duration-ms="3699" status="PASS">
          <params>
            <param index="0">
              <value>
                <![CDATA["user checking operation functionality"]]>
              </value>
            </param>
            <param index="1">
              <value>
                <![CDATA["check Queue fuctionality"]]>
              </value>
            </param>
          </params>
          <reporter-output>
          </reporter-output>
        </test-method> <!-- runScenario -->
        <test-method signature="runScenario(io.cucumber.testng.PickleWrapper,io.cucumber.testng.FeatureWrapper)[pri:0, instance:testRunner.TestRunner@7e4204e2]" started-at="2023-07-18T15:04:28 PDT" name="runScenario" description="Runs Cucumber Scenarios" data-provider="scenarios" finished-at="2023-07-18T15:04:30 PDT" duration-ms="2312" status="PASS">
          <params>
            <param index="0">
              <value>
                <![CDATA["user is on tryeditor page of Queue"]]>
              </value>
            </param>
            <param index="1">
              <value>
                <![CDATA["check Queue fuctionality"]]>
              </value>
            </param>
          </params>
          <reporter-output>
          </reporter-output>
        </test-method> <!-- runScenario -->
        <test-method signature="runScenario(io.cucumber.testng.PickleWrapper,io.cucumber.testng.FeatureWrapper)[pri:0, instance:testRunner.TestRunner@7e4204e2]" started-at="2023-07-18T15:04:30 PDT" name="runScenario" description="Runs Cucumber Scenarios" data-provider="scenarios" finished-at="2023-07-18T15:04:32 PDT" duration-ms="1294" status="PASS">
          <params>
            <param index="0">
              <value>
                <![CDATA["user navigate to Tree page"]]>
              </value>
            </param>
            <param index="1">
              <value>
                <![CDATA["checking Tree page functionality"]]>
              </value>
            </param>
          </params>
          <reporter-output>
          </reporter-output>
        </test-method> <!-- runScenario -->
        <test-method signature="runScenario(io.cucumber.testng.PickleWrapper,io.cucumber.testng.FeatureWrapper)[pri:0, instance:testRunner.TestRunner@7e4204e2]" started-at="2023-07-18T15:04:32 PDT" name="runScenario" description="Runs Cucumber Scenarios" data-provider="scenarios" finished-at="2023-07-18T15:04:34 PDT" duration-ms="2544" status="PASS">
          <params>
            <param index="0">
              <value>
                <![CDATA["The user is able to navigate to Overview of Trees"]]>
              </value>
            </param>
            <param index="1">
              <value>
                <![CDATA["checking Tree page functionality"]]>
              </value>
            </param>
          </params>
          <reporter-output>
          </reporter-output>
        </test-method> <!-- runScenario -->
        <test-method signature="runScenario(io.cucumber.testng.PickleWrapper,io.cucumber.testng.FeatureWrapper)[pri:0, instance:testRunner.TestRunner@7e4204e2]" started-at="2023-07-18T15:04:34 PDT" name="runScenario" description="Runs Cucumber Scenarios" data-provider="scenarios" finished-at="2023-07-18T15:04:37 PDT" duration-ms="2415" status="PASS">
          <params>
            <param index="0">
              <value>
                <![CDATA["user checking TextArea"]]>
              </value>
            </param>
            <param index="1">
              <value>
                <![CDATA["checking Tree page functionality"]]>
              </value>
            </param>
          </params>
          <reporter-output>
          </reporter-output>
        </test-method> <!-- runScenario -->
        <test-method signature="runScenario(io.cucumber.testng.PickleWrapper,io.cucumber.testng.FeatureWrapper)[pri:0, instance:testRunner.TestRunner@7e4204e2]" started-at="2023-07-18T15:04:37 PDT" name="runScenario" description="Runs Cucumber Scenarios" data-provider="scenarios" finished-at="2023-07-18T15:04:41 PDT" duration-ms="4246" status="PASS">
          <params>
            <param index="0">
              <value>
                <![CDATA["The user is able to navigate to Terminologies"]]>
              </value>
            </param>
            <param index="1">
              <value>
                <![CDATA["checking Tree page functionality"]]>
              </value>
            </param>
          </params>
          <reporter-output>
          </reporter-output>
        </test-method> <!-- runScenario -->
        <test-method signature="runScenario(io.cucumber.testng.PickleWrapper,io.cucumber.testng.FeatureWrapper)[pri:0, instance:testRunner.TestRunner@7e4204e2]" started-at="2023-07-18T15:04:41 PDT" name="runScenario" description="Runs Cucumber Scenarios" data-provider="scenarios" finished-at="2023-07-18T15:04:44 PDT" duration-ms="2987" status="PASS">
          <params>
            <param index="0">
              <value>
                <![CDATA["user checking TextArea Terminologies"]]>
              </value>
            </param>
            <param index="1">
              <value>
                <![CDATA["checking Tree page functionality"]]>
              </value>
            </param>
          </params>
          <reporter-output>
          </reporter-output>
        </test-method> <!-- runScenario -->
        <test-method signature="runScenario(io.cucumber.testng.PickleWrapper,io.cucumber.testng.FeatureWrapper)[pri:0, instance:testRunner.TestRunner@7e4204e2]" started-at="2023-07-18T15:04:44 PDT" name="runScenario" description="Runs Cucumber Scenarios" data-provider="scenarios" finished-at="2023-07-18T15:04:46 PDT" duration-ms="2149" status="PASS">
          <params>
            <param index="0">
              <value>
                <![CDATA["The user is able to navigate to Types of Tree"]]>
              </value>
            </param>
            <param index="1">
              <value>
                <![CDATA["checking Tree page functionality"]]>
              </value>
            </param>
          </params>
          <reporter-output>
          </reporter-output>
        </test-method> <!-- runScenario -->
        <test-method signature="runScenario(io.cucumber.testng.PickleWrapper,io.cucumber.testng.FeatureWrapper)[pri:0, instance:testRunner.TestRunner@7e4204e2]" started-at="2023-07-18T15:04:46 PDT" name="runScenario" description="Runs Cucumber Scenarios" data-provider="scenarios" finished-at="2023-07-18T15:04:48 PDT" duration-ms="2543" status="PASS">
          <params>
            <param index="0">
              <value>
                <![CDATA["user checking TextArea Types of Tree"]]>
              </value>
            </param>
            <param index="1">
              <value>
                <![CDATA["checking Tree page functionality"]]>
              </value>
            </param>
          </params>
          <reporter-output>
          </reporter-output>
        </test-method> <!-- runScenario -->
        <test-method signature="runScenario(io.cucumber.testng.PickleWrapper,io.cucumber.testng.FeatureWrapper)[pri:0, instance:testRunner.TestRunner@7e4204e2]" started-at="2023-07-18T15:04:48 PDT" name="runScenario" description="Runs Cucumber Scenarios" data-provider="scenarios" finished-at="2023-07-18T15:04:49 PDT" duration-ms="756" status="PASS">
          <params>
            <param index="0">
              <value>
                <![CDATA["user is to check Graph operation"]]>
              </value>
            </param>
            <param index="1">
              <value>
                <![CDATA["user is checking Graph functionality"]]>
              </value>
            </param>
          </params>
          <reporter-output>
          </reporter-output>
        </test-method> <!-- runScenario -->
        <test-method signature="runScenario(io.cucumber.testng.PickleWrapper,io.cucumber.testng.FeatureWrapper)[pri:0, instance:testRunner.TestRunner@7e4204e2]" started-at="2023-07-18T15:04:49 PDT" name="runScenario" description="Runs Cucumber Scenarios" data-provider="scenarios" finished-at="2023-07-18T15:04:51 PDT" duration-ms="1397" status="PASS">
          <params>
            <param index="0">
              <value>
                <![CDATA["user checking try editor functionality"]]>
              </value>
            </param>
            <param index="1">
              <value>
                <![CDATA["user is checking Graph functionality"]]>
              </value>
            </param>
          </params>
          <reporter-output>
          </reporter-output>
        </test-method> <!-- runScenario -->
        <test-method signature="runScenario(io.cucumber.testng.PickleWrapper,io.cucumber.testng.FeatureWrapper)[pri:0, instance:testRunner.TestRunner@7e4204e2]" started-at="2023-07-18T15:04:51 PDT" name="runScenario" description="Runs Cucumber Scenarios" data-provider="scenarios" finished-at="2023-07-18T15:04:52 PDT" duration-ms="1741" status="PASS">
          <params>
            <param index="0">
              <value>
                <![CDATA["user is on tryeditor of Graph page"]]>
              </value>
            </param>
            <param index="1">
              <value>
                <![CDATA["user is checking Graph functionality"]]>
              </value>
            </param>
          </params>
          <reporter-output>
          </reporter-output>
        </test-method> <!-- runScenario -->
        <test-method signature="runScenario(io.cucumber.testng.PickleWrapper,io.cucumber.testng.FeatureWrapper)[pri:0, instance:testRunner.TestRunner@7e4204e2]" started-at="2023-07-18T15:04:52 PDT" name="runScenario" description="Runs Cucumber Scenarios" data-provider="scenarios" finished-at="2023-07-18T15:04:54 PDT" duration-ms="1842" status="PASS">
          <params>
            <param index="0">
              <value>
                <![CDATA["user checking try editor functionality of Graph representation"]]>
              </value>
            </param>
            <param index="1">
              <value>
                <![CDATA["user is checking Graph functionality"]]>
              </value>
            </param>
          </params>
          <reporter-output>
          </reporter-output>
        </test-method> <!-- runScenario -->
        <test-method signature="runScenario(io.cucumber.testng.PickleWrapper,io.cucumber.testng.FeatureWrapper)[pri:0, instance:testRunner.TestRunner@7e4204e2]" started-at="2023-07-18T15:04:54 PDT" name="runScenario" description="Runs Cucumber Scenarios" data-provider="scenarios" finished-at="2023-07-18T15:04:56 PDT" duration-ms="1985" status="PASS">
          <params>
            <param index="0">
              <value>
                <![CDATA["user is on tryeditor of Graph representation page"]]>
              </value>
            </param>
            <param index="1">
              <value>
                <![CDATA["user is checking Graph functionality"]]>
              </value>
            </param>
          </params>
          <reporter-output>
          </reporter-output>
        </test-method> <!-- runScenario -->
        <test-method signature="runScenario(io.cucumber.testng.PickleWrapper,io.cucumber.testng.FeatureWrapper)[pri:0, instance:testRunner.TestRunner@7e4204e2]" started-at="2023-07-18T15:04:56 PDT" name="runScenario" description="Runs Cucumber Scenarios" data-provider="scenarios" finished-at="2023-07-18T15:04:57 PDT" duration-ms="998" status="PASS">
          <params>
            <param index="0">
              <value>
                <![CDATA["User is to sign out from DSalgo"]]>
              </value>
            </param>
            <param index="1">
              <value>
                <![CDATA["user is checking Graph functionality"]]>
              </value>
            </param>
          </params>
          <reporter-output>
          </reporter-output>
        </test-method> <!-- runScenario -->
        <test-method is-config="true" signature="tearDownClass()[pri:0, instance:testRunner.TestRunner@7e4204e2]" started-at="2023-07-18T15:04:57 PDT" name="tearDownClass" finished-at="2023-07-18T15:04:58 PDT" duration-ms="675" status="PASS">
          <reporter-output>
          </reporter-output>
        </test-method> <!-- tearDownClass -->
      </class> <!-- testRunner.TestRunner -->
    </test> <!-- Default test -->
  </suite> <!-- Default suite -->
</testng-results>
